e:\project\c\repo\计算机程序设计课程设计\workloadstatistics\x64\debug\vc142.pdb
e:\project\c\repo\计算机程序设计课程设计\workloadstatistics\x64\debug\vc142.idb
e:\project\c\repo\计算机程序设计课程设计\workloadstatistics\x64\debug\test.obj
e:\project\c\repo\计算机程序设计课程设计\workloadstatistics\x64\debug\workloadservice.obj
e:\project\c\repo\计算机程序设计课程设计\workloadstatistics\x64\debug\teacherservice.obj
e:\project\c\repo\计算机程序设计课程设计\workloadstatistics\x64\debug\runapplication.obj
e:\project\c\repo\计算机程序设计课程设计\workloadstatistics\x64\debug\mysqlutils.obj
e:\project\c\repo\计算机程序设计课程设计\workloadstatistics\x64\debug\main.obj
e:\project\c\repo\计算机程序设计课程设计\workloadstatistics\x64\debug\head.obj
e:\project\c\repo\计算机程序设计课程设计\workloadstatistics\x64\debug\test_2.obj
e:\project\c\repo\计算机程序设计课程设计\x64\debug\workloadstatistics.exe
e:\project\c\repo\计算机程序设计课程设计\x64\debug\workloadstatistics.ilk
e:\project\c\repo\计算机程序设计课程设计\x64\debug\workloadstatistics.pdb
e:\project\c\repo\计算机程序设计课程设计\workloadstatistics\x64\debug\workload.e41a4582.tlog\cl.command.1.tlog
e:\project\c\repo\计算机程序设计课程设计\workloadstatistics\x64\debug\workload.e41a4582.tlog\cl.read.1.tlog
e:\project\c\repo\计算机程序设计课程设计\workloadstatistics\x64\debug\workload.e41a4582.tlog\cl.write.1.tlog
e:\project\c\repo\计算机程序设计课程设计\workloadstatistics\x64\debug\workload.e41a4582.tlog\link.2180-cvtres.read.1.tlog
e:\project\c\repo\计算机程序设计课程设计\workloadstatistics\x64\debug\workload.e41a4582.tlog\link.2180-cvtres.write.1.tlog
e:\project\c\repo\计算机程序设计课程设计\workloadstatistics\x64\debug\workload.e41a4582.tlog\link.2180-rc.read.1.tlog
e:\project\c\repo\计算机程序设计课程设计\workloadstatistics\x64\debug\workload.e41a4582.tlog\link.2180-rc.write.1.tlog
e:\project\c\repo\计算机程序设计课程设计\workloadstatistics\x64\debug\workload.e41a4582.tlog\link.2180.read.1.tlog
e:\project\c\repo\计算机程序设计课程设计\workloadstatistics\x64\debug\workload.e41a4582.tlog\link.2180.write.1.tlog
e:\project\c\repo\计算机程序设计课程设计\workloadstatistics\x64\debug\workload.e41a4582.tlog\link.command.1.tlog
e:\project\c\repo\计算机程序设计课程设计\workloadstatistics\x64\debug\workload.e41a4582.tlog\link.read.1.tlog
e:\project\c\repo\计算机程序设计课程设计\workloadstatistics\x64\debug\workload.e41a4582.tlog\link.write.1.tlog
